<?xml version="1.0" encoding="UTF-8"?>
<testsuite name="com.mauisiios.notehub_server.integration.TestNoteRoutes" tests="6" skipped="0" failures="6" errors="0" timestamp="2026-03-04T15:51:46.090Z" hostname="fedora" time="5.601">
  <properties/>
  <testcase name="should return all notes()" classname="com.mauisiios.notehub_server.integration.TestNoteRoutes" time="0.548">
    <failure message="org.springframework.r2dbc.BadSqlGrammarException: execute; bad SQL grammar [TRUNCATE TABLE note RESTART IDENTITY CASCADE]" type="org.springframework.r2dbc.BadSqlGrammarException">org.springframework.r2dbc.BadSqlGrammarException: execute; bad SQL grammar [TRUNCATE TABLE note RESTART IDENTITY CASCADE]
	at org.springframework.r2dbc.connection.ConnectionFactoryUtils.convertR2dbcException(ConnectionFactoryUtils.java:255)
	at org.springframework.r2dbc.core.DefaultDatabaseClient.lambda$inConnection$3(DefaultDatabaseClient.java:134)
	at reactor.core.publisher.Mono.lambda$onErrorMap$0(Mono.java:3841)
	at reactor.core.publisher.Mono.lambda$onErrorResume$0(Mono.java:3931)
	at reactor.core.publisher.FluxOnErrorResume$ResumeSubscriber.onError(FluxOnErrorResume.java:95)
	at reactor.core.publisher.MonoUsingWhen$MonoUsingWhenSubscriber.deferredError(MonoUsingWhen.java:280)
	at reactor.core.publisher.FluxUsingWhen$RollbackInner.onComplete(FluxUsingWhen.java:483)
	at reactor.core.publisher.Operators$MultiSubscriptionSubscriber.onComplete(Operators.java:2225)
	at reactor.core.publisher.FluxPeek$PeekSubscriber.onComplete(FluxPeek.java:263)
	at reactor.core.publisher.Operators$MultiSubscriptionSubscriber.onComplete(Operators.java:2225)
	at reactor.core.publisher.MonoIgnoreThen$ThenIgnoreMain.onComplete(MonoIgnoreThen.java:213)
	at reactor.core.publisher.MonoIgnoreThen$ThenIgnoreMain.onComplete(MonoIgnoreThen.java:213)
	at reactor.pool.SimpleDequePool.maybeRecycleAndDrain(SimpleDequePool.java:548)
	at reactor.pool.SimpleDequePool$QueuePoolRecyclerInner.onComplete(SimpleDequePool.java:793)
	at reactor.core.publisher.Operators.complete(Operators.java:137)
	at reactor.core.publisher.MonoEmpty.subscribe(MonoEmpty.java:46)
	at reactor.core.publisher.Mono.subscribe(Mono.java:4569)
	at reactor.pool.SimpleDequePool$QueuePoolRecyclerMono.subscribe(SimpleDequePool.java:906)
	at reactor.core.publisher.MonoDefer.subscribe(MonoDefer.java:54)
	at reactor.core.publisher.MonoIgnoreThen$ThenIgnoreMain.subscribeNext(MonoIgnoreThen.java:244)
	at reactor.core.publisher.MonoIgnoreThen$ThenIgnoreMain.onComplete(MonoIgnoreThen.java:207)
	at reactor.core.publisher.FluxPeek$PeekSubscriber.onComplete(FluxPeek.java:263)
	at reactor.core.publisher.Operators.complete(Operators.java:137)
	at reactor.core.publisher.MonoEmpty.subscribe(MonoEmpty.java:46)
	at reactor.core.publisher.Mono.subscribe(Mono.java:4569)
	at reactor.core.publisher.MonoIgnoreThen$ThenIgnoreMain.subscribeNext(MonoIgnoreThen.java:268)
	at reactor.core.publisher.MonoIgnoreThen.subscribe(MonoIgnoreThen.java:51)
	at reactor.core.publisher.MonoDefer.subscribe(MonoDefer.java:54)
	at reactor.core.publisher.MonoIgnoreThen$ThenIgnoreMain.subscribeNext(MonoIgnoreThen.java:244)
	at reactor.core.publisher.MonoIgnoreThen$ThenIgnoreMain.onComplete(MonoIgnoreThen.java:207)
	at reactor.core.publisher.MonoIgnoreElements$IgnoreElementsSubscriber.onComplete(MonoIgnoreElements.java:89)
	at reactor.core.publisher.FluxHandleFuseable$HandleFuseableSubscriber.onComplete(FluxHandleFuseable.java:242)
	at reactor.core.publisher.MonoSupplier$MonoSupplierSubscription.request(MonoSupplier.java:145)
	at reactor.core.publisher.FluxHandleFuseable$HandleFuseableSubscriber.request(FluxHandleFuseable.java:262)
	at reactor.core.publisher.MonoIgnoreElements$IgnoreElementsSubscriber.onSubscribe(MonoIgnoreElements.java:72)
	at reactor.core.publisher.FluxHandleFuseable$HandleFuseableSubscriber.onSubscribe(FluxHandleFuseable.java:166)
	at reactor.core.publisher.MonoSupplier.subscribe(MonoSupplier.java:47)
	at reactor.core.publisher.Mono.subscribe(Mono.java:4569)
	at reactor.core.publisher.MonoIgnoreThen$ThenIgnoreMain.subscribeNext(MonoIgnoreThen.java:268)
	at reactor.core.publisher.MonoIgnoreThen.subscribe(MonoIgnoreThen.java:51)
	at reactor.core.publisher.InternalMonoOperator.subscribe(InternalMonoOperator.java:75)
	at reactor.core.publisher.MonoDefer.subscribe(MonoDefer.java:54)
	at reactor.core.publisher.Mono.subscribe(Mono.java:4569)
	at reactor.core.publisher.FluxOnErrorResume$ResumeSubscriber.onError(FluxOnErrorResume.java:104)
	at reactor.core.publisher.MonoIgnoreElements$IgnoreElementsSubscriber.onError(MonoIgnoreElements.java:84)
	at reactor.core.publisher.FluxMap$MapSubscriber.onError(FluxMap.java:134)
	at reactor.core.publisher.FluxFilter$FilterSubscriber.onError(FluxFilter.java:158)
	at reactor.core.publisher.FluxFilter$FilterConditionalSubscriber.onError(FluxFilter.java:292)
	at reactor.core.publisher.FluxMap$MapConditionalSubscriber.onError(FluxMap.java:265)
	at reactor.core.publisher.Operators.error(Operators.java:198)
	at reactor.core.publisher.MonoError.subscribe(MonoError.java:54)
	at reactor.core.publisher.MonoDeferContextual.subscribe(MonoDeferContextual.java:56)
	at reactor.core.publisher.InternalMonoOperator.subscribe(InternalMonoOperator.java:75)
	at reactor.core.publisher.MonoDefer.subscribe(MonoDefer.java:54)
	at reactor.core.publisher.Mono.subscribe(Mono.java:4569)
	at reactor.core.publisher.FluxUsingWhen$UsingWhenSubscriber.onError(FluxUsingWhen.java:371)
	at reactor.core.publisher.MonoStreamCollector$StreamCollectorSubscriber.onError(MonoStreamCollector.java:148)
	at reactor.core.publisher.FluxMap$MapSubscriber.onError(FluxMap.java:134)
	at reactor.core.publisher.FluxFlatMap$FlatMapMain.checkTerminated(FluxFlatMap.java:847)
	at reactor.core.publisher.FluxFlatMap$FlatMapMain.drainLoop(FluxFlatMap.java:613)
	at reactor.core.publisher.FluxFlatMap$FlatMapMain.drain(FluxFlatMap.java:593)
	at reactor.core.publisher.FluxFlatMap$FlatMapMain.innerError(FluxFlatMap.java:868)
	at reactor.core.publisher.FluxFlatMap$FlatMapInner.onError(FluxFlatMap.java:997)
	at reactor.core.publisher.FluxHandleFuseable$HandleFuseableSubscriber.onError(FluxHandleFuseable.java:232)
	at reactor.core.publisher.MonoCollectList$MonoCollectListSubscriber.onError(MonoCollectList.java:107)
	at reactor.core.publisher.FluxHandleFuseable$HandleFuseableSubscriber.onNext(FluxHandleFuseable.java:204)
	at reactor.core.publisher.FluxWindowPredicate$WindowFlux.drainRegular(FluxWindowPredicate.java:679)
	at reactor.core.publisher.FluxWindowPredicate$WindowFlux.drain(FluxWindowPredicate.java:757)
	at reactor.core.publisher.FluxWindowPredicate$WindowFlux.onNext(FluxWindowPredicate.java:799)
	at reactor.core.publisher.FluxWindowPredicate$WindowPredicateMain.onNext(FluxWindowPredicate.java:246)
	at io.r2dbc.postgresql.util.FluxDiscardOnCancel$FluxDiscardOnCancelSubscriber.onNext(FluxDiscardOnCancel.java:91)
	at reactor.core.publisher.FluxContextWrite$ContextWriteSubscriber.onNext(FluxContextWrite.java:109)
	at reactor.core.publisher.FluxCreate$BufferAsyncSink.drain(FluxCreate.java:887)
	at reactor.core.publisher.FluxCreate$BufferAsyncSink.next(FluxCreate.java:812)
	at reactor.core.publisher.FluxCreate$SerializedFluxSink.next(FluxCreate.java:164)
	at io.r2dbc.postgresql.client.ReactorNettyClient$Conversation.emit(ReactorNettyClient.java:717)
	at io.r2dbc.postgresql.client.ReactorNettyClient$BackendMessageSubscriber.emit(ReactorNettyClient.java:969)
	at io.r2dbc.postgresql.client.ReactorNettyClient$BackendMessageSubscriber.onNext(ReactorNettyClient.java:843)
	at io.r2dbc.postgresql.client.ReactorNettyClient$BackendMessageSubscriber.onNext(ReactorNettyClient.java:749)
	at reactor.core.publisher.FluxHandle$HandleSubscriber.onNext(FluxHandle.java:132)
	at reactor.core.publisher.FluxPeekFuseable$PeekConditionalSubscriber.onNext(FluxPeekFuseable.java:850)
	at reactor.core.publisher.FluxMap$MapConditionalSubscriber.onNext(FluxMap.java:224)
	at reactor.core.publisher.FluxMap$MapConditionalSubscriber.onNext(FluxMap.java:224)
	at reactor.netty.channel.FluxReceive.drainReceiver(FluxReceive.java:296)
	at reactor.netty.channel.FluxReceive.onInboundNext(FluxReceive.java:407)
	at reactor.netty.channel.ChannelOperations.onInboundNext(ChannelOperations.java:445)
	at reactor.netty.channel.ChannelOperationsHandler.channelRead(ChannelOperationsHandler.java:115)
	at io.netty.channel.AbstractChannelHandlerContext.fireChannelRead(AbstractChannelHandlerContext.java:357)
	at io.netty.handler.codec.ByteToMessageDecoder.fireChannelRead(ByteToMessageDecoder.java:361)
	at io.netty.handler.codec.ByteToMessageDecoder.fireChannelRead(ByteToMessageDecoder.java:348)
	at io.netty.handler.codec.ByteToMessageDecoder.callDecode(ByteToMessageDecoder.java:470)
	at io.netty.handler.codec.ByteToMessageDecoder.channelRead(ByteToMessageDecoder.java:296)
	at io.netty.channel.AbstractChannelHandlerContext.fireChannelRead(AbstractChannelHandlerContext.java:357)
	at io.netty.channel.DefaultChannelPipeline$HeadContext.channelRead(DefaultChannelPipeline.java:1429)
	at io.netty.channel.DefaultChannelPipeline.fireChannelRead(DefaultChannelPipeline.java:918)
	at io.netty.channel.epoll.AbstractEpollStreamChannel$EpollStreamUnsafe.epollInReady(AbstractEpollStreamChannel.java:804)
	at io.netty.channel.epoll.AbstractEpollChannel$AbstractEpollUnsafe.handle(AbstractEpollChannel.java:482)
	at io.netty.channel.epoll.EpollIoHandler$DefaultEpollIoRegistration.handle(EpollIoHandler.java:317)
	at io.netty.channel.epoll.EpollIoHandler.processReady(EpollIoHandler.java:515)
	at io.netty.channel.epoll.EpollIoHandler.run(EpollIoHandler.java:460)
	at io.netty.channel.SingleThreadIoEventLoop.runIo(SingleThreadIoEventLoop.java:225)
	at io.netty.channel.SingleThreadIoEventLoop.run(SingleThreadIoEventLoop.java:196)
	at io.netty.util.concurrent.SingleThreadEventExecutor$5.run(SingleThreadEventExecutor.java:1195)
	at io.netty.util.internal.ThreadExecutorMap$2.run(ThreadExecutorMap.java:74)
	at io.netty.util.concurrent.FastThreadLocalRunnable.run(FastThreadLocalRunnable.java:30)
	at java.base/java.lang.Thread.run(Thread.java:1583)
	Suppressed: java.lang.Exception: #block terminated with an error
		at reactor.core.publisher.BlockingSingleSubscriber.blockingGet(BlockingSingleSubscriber.java:104)
		at reactor.core.publisher.Mono.block(Mono.java:1773)
		at com.mauisiios.notehub_server.integration.TestNoteRoutes.seed(TestNoteRoutes.kt:31)
Caused by: io.r2dbc.postgresql.ExceptionFactory$PostgresqlBadGrammarException: [42P01] relation &quot;note&quot; does not exist
	at io.r2dbc.postgresql.ExceptionFactory.createException(ExceptionFactory.java:96)
	at io.r2dbc.postgresql.ExceptionFactory.createException(ExceptionFactory.java:65)
	at io.r2dbc.postgresql.ExceptionFactory.handleErrorResponse(ExceptionFactory.java:132)
	at io.r2dbc.postgresql.PostgresqlResult.lambda$getRowsUpdated$0(PostgresqlResult.java:70)
	at reactor.core.publisher.FluxHandleFuseable$HandleFuseableSubscriber.onNext(FluxHandleFuseable.java:182)
	... 40 more
</failure>
  </testcase>
  <testcase name="should update a note()" classname="com.mauisiios.notehub_server.integration.TestNoteRoutes" time="0.005">
    <failure message="org.springframework.r2dbc.BadSqlGrammarException: execute; bad SQL grammar [TRUNCATE TABLE note RESTART IDENTITY CASCADE]" type="org.springframework.r2dbc.BadSqlGrammarException">org.springframework.r2dbc.BadSqlGrammarException: execute; bad SQL grammar [TRUNCATE TABLE note RESTART IDENTITY CASCADE]
	at org.springframework.r2dbc.connection.ConnectionFactoryUtils.convertR2dbcException(ConnectionFactoryUtils.java:255)
	at org.springframework.r2dbc.core.DefaultDatabaseClient.lambda$inConnection$3(DefaultDatabaseClient.java:134)
	at reactor.core.publisher.Mono.lambda$onErrorMap$0(Mono.java:3841)
	at reactor.core.publisher.Mono.lambda$onErrorResume$0(Mono.java:3931)
	at reactor.core.publisher.FluxOnErrorResume$ResumeSubscriber.onError(FluxOnErrorResume.java:95)
	at reactor.core.publisher.MonoUsingWhen$MonoUsingWhenSubscriber.deferredError(MonoUsingWhen.java:280)
	at reactor.core.publisher.FluxUsingWhen$RollbackInner.onComplete(FluxUsingWhen.java:483)
	at reactor.core.publisher.Operators$MultiSubscriptionSubscriber.onComplete(Operators.java:2225)
	at reactor.core.publisher.FluxPeek$PeekSubscriber.onComplete(FluxPeek.java:263)
	at reactor.core.publisher.Operators$MultiSubscriptionSubscriber.onComplete(Operators.java:2225)
	at reactor.core.publisher.MonoIgnoreThen$ThenIgnoreMain.onComplete(MonoIgnoreThen.java:213)
	at reactor.core.publisher.MonoIgnoreThen$ThenIgnoreMain.onComplete(MonoIgnoreThen.java:213)
	at reactor.pool.SimpleDequePool.maybeRecycleAndDrain(SimpleDequePool.java:548)
	at reactor.pool.SimpleDequePool$QueuePoolRecyclerInner.onComplete(SimpleDequePool.java:793)
	at reactor.core.publisher.Operators.complete(Operators.java:137)
	at reactor.core.publisher.MonoEmpty.subscribe(MonoEmpty.java:46)
	at reactor.core.publisher.Mono.subscribe(Mono.java:4569)
	at reactor.pool.SimpleDequePool$QueuePoolRecyclerMono.subscribe(SimpleDequePool.java:906)
	at reactor.core.publisher.MonoDefer.subscribe(MonoDefer.java:54)
	at reactor.core.publisher.MonoIgnoreThen$ThenIgnoreMain.subscribeNext(MonoIgnoreThen.java:244)
	at reactor.core.publisher.MonoIgnoreThen$ThenIgnoreMain.onComplete(MonoIgnoreThen.java:207)
	at reactor.core.publisher.FluxPeek$PeekSubscriber.onComplete(FluxPeek.java:263)
	at reactor.core.publisher.Operators.complete(Operators.java:137)
	at reactor.core.publisher.MonoEmpty.subscribe(MonoEmpty.java:46)
	at reactor.core.publisher.Mono.subscribe(Mono.java:4569)
	at reactor.core.publisher.MonoIgnoreThen$ThenIgnoreMain.subscribeNext(MonoIgnoreThen.java:268)
	at reactor.core.publisher.MonoIgnoreThen.subscribe(MonoIgnoreThen.java:51)
	at reactor.core.publisher.MonoDefer.subscribe(MonoDefer.java:54)
	at reactor.core.publisher.MonoIgnoreThen$ThenIgnoreMain.subscribeNext(MonoIgnoreThen.java:244)
	at reactor.core.publisher.MonoIgnoreThen$ThenIgnoreMain.onComplete(MonoIgnoreThen.java:207)
	at reactor.core.publisher.MonoIgnoreElements$IgnoreElementsSubscriber.onComplete(MonoIgnoreElements.java:89)
	at reactor.core.publisher.FluxHandleFuseable$HandleFuseableSubscriber.onComplete(FluxHandleFuseable.java:242)
	at reactor.core.publisher.MonoSupplier$MonoSupplierSubscription.request(MonoSupplier.java:145)
	at reactor.core.publisher.FluxHandleFuseable$HandleFuseableSubscriber.request(FluxHandleFuseable.java:262)
	at reactor.core.publisher.MonoIgnoreElements$IgnoreElementsSubscriber.onSubscribe(MonoIgnoreElements.java:72)
	at reactor.core.publisher.FluxHandleFuseable$HandleFuseableSubscriber.onSubscribe(FluxHandleFuseable.java:166)
	at reactor.core.publisher.MonoSupplier.subscribe(MonoSupplier.java:47)
	at reactor.core.publisher.Mono.subscribe(Mono.java:4569)
	at reactor.core.publisher.MonoIgnoreThen$ThenIgnoreMain.subscribeNext(MonoIgnoreThen.java:268)
	at reactor.core.publisher.MonoIgnoreThen.subscribe(MonoIgnoreThen.java:51)
	at reactor.core.publisher.InternalMonoOperator.subscribe(InternalMonoOperator.java:75)
	at reactor.core.publisher.MonoDefer.subscribe(MonoDefer.java:54)
	at reactor.core.publisher.Mono.subscribe(Mono.java:4569)
	at reactor.core.publisher.FluxOnErrorResume$ResumeSubscriber.onError(FluxOnErrorResume.java:104)
	at reactor.core.publisher.MonoIgnoreElements$IgnoreElementsSubscriber.onError(MonoIgnoreElements.java:84)
	at reactor.core.publisher.FluxMap$MapSubscriber.onError(FluxMap.java:134)
	at reactor.core.publisher.FluxFilter$FilterSubscriber.onError(FluxFilter.java:158)
	at reactor.core.publisher.FluxFilter$FilterConditionalSubscriber.onError(FluxFilter.java:292)
	at reactor.core.publisher.FluxMap$MapConditionalSubscriber.onError(FluxMap.java:265)
	at reactor.core.publisher.Operators.error(Operators.java:198)
	at reactor.core.publisher.MonoError.subscribe(MonoError.java:54)
	at reactor.core.publisher.MonoDeferContextual.subscribe(MonoDeferContextual.java:56)
	at reactor.core.publisher.InternalMonoOperator.subscribe(InternalMonoOperator.java:75)
	at reactor.core.publisher.MonoDefer.subscribe(MonoDefer.java:54)
	at reactor.core.publisher.Mono.subscribe(Mono.java:4569)
	at reactor.core.publisher.FluxUsingWhen$UsingWhenSubscriber.onError(FluxUsingWhen.java:371)
	at reactor.core.publisher.MonoStreamCollector$StreamCollectorSubscriber.onError(MonoStreamCollector.java:148)
	at reactor.core.publisher.FluxMap$MapSubscriber.onError(FluxMap.java:134)
	at reactor.core.publisher.FluxFlatMap$FlatMapMain.checkTerminated(FluxFlatMap.java:847)
	at reactor.core.publisher.FluxFlatMap$FlatMapMain.drainLoop(FluxFlatMap.java:613)
	at reactor.core.publisher.FluxFlatMap$FlatMapMain.drain(FluxFlatMap.java:593)
	at reactor.core.publisher.FluxFlatMap$FlatMapMain.innerError(FluxFlatMap.java:868)
	at reactor.core.publisher.FluxFlatMap$FlatMapInner.onError(FluxFlatMap.java:997)
	at reactor.core.publisher.FluxHandleFuseable$HandleFuseableSubscriber.onError(FluxHandleFuseable.java:232)
	at reactor.core.publisher.MonoCollectList$MonoCollectListSubscriber.onError(MonoCollectList.java:107)
	at reactor.core.publisher.FluxHandleFuseable$HandleFuseableSubscriber.onNext(FluxHandleFuseable.java:204)
	at reactor.core.publisher.FluxWindowPredicate$WindowFlux.drainRegular(FluxWindowPredicate.java:679)
	at reactor.core.publisher.FluxWindowPredicate$WindowFlux.drain(FluxWindowPredicate.java:757)
	at reactor.core.publisher.FluxWindowPredicate$WindowFlux.onNext(FluxWindowPredicate.java:799)
	at reactor.core.publisher.FluxWindowPredicate$WindowPredicateMain.onNext(FluxWindowPredicate.java:246)
	at io.r2dbc.postgresql.util.FluxDiscardOnCancel$FluxDiscardOnCancelSubscriber.onNext(FluxDiscardOnCancel.java:91)
	at reactor.core.publisher.FluxContextWrite$ContextWriteSubscriber.onNext(FluxContextWrite.java:109)
	at reactor.core.publisher.FluxCreate$BufferAsyncSink.drain(FluxCreate.java:887)
	at reactor.core.publisher.FluxCreate$BufferAsyncSink.next(FluxCreate.java:812)
	at reactor.core.publisher.FluxCreate$SerializedFluxSink.next(FluxCreate.java:164)
	at io.r2dbc.postgresql.client.ReactorNettyClient$Conversation.emit(ReactorNettyClient.java:717)
	at io.r2dbc.postgresql.client.ReactorNettyClient$BackendMessageSubscriber.emit(ReactorNettyClient.java:969)
	at io.r2dbc.postgresql.client.ReactorNettyClient$BackendMessageSubscriber.onNext(ReactorNettyClient.java:843)
	at io.r2dbc.postgresql.client.ReactorNettyClient$BackendMessageSubscriber.onNext(ReactorNettyClient.java:749)
	at reactor.core.publisher.FluxHandle$HandleSubscriber.onNext(FluxHandle.java:132)
	at reactor.core.publisher.FluxPeekFuseable$PeekConditionalSubscriber.onNext(FluxPeekFuseable.java:850)
	at reactor.core.publisher.FluxMap$MapConditionalSubscriber.onNext(FluxMap.java:224)
	at reactor.core.publisher.FluxMap$MapConditionalSubscriber.onNext(FluxMap.java:224)
	at reactor.netty.channel.FluxReceive.drainReceiver(FluxReceive.java:296)
	at reactor.netty.channel.FluxReceive.onInboundNext(FluxReceive.java:407)
	at reactor.netty.channel.ChannelOperations.onInboundNext(ChannelOperations.java:445)
	at reactor.netty.channel.ChannelOperationsHandler.channelRead(ChannelOperationsHandler.java:115)
	at io.netty.channel.AbstractChannelHandlerContext.fireChannelRead(AbstractChannelHandlerContext.java:357)
	at io.netty.handler.codec.ByteToMessageDecoder.fireChannelRead(ByteToMessageDecoder.java:361)
	at io.netty.handler.codec.ByteToMessageDecoder.fireChannelRead(ByteToMessageDecoder.java:348)
	at io.netty.handler.codec.ByteToMessageDecoder.callDecode(ByteToMessageDecoder.java:470)
	at io.netty.handler.codec.ByteToMessageDecoder.channelRead(ByteToMessageDecoder.java:296)
	at io.netty.channel.AbstractChannelHandlerContext.fireChannelRead(AbstractChannelHandlerContext.java:357)
	at io.netty.channel.DefaultChannelPipeline$HeadContext.channelRead(DefaultChannelPipeline.java:1429)
	at io.netty.channel.DefaultChannelPipeline.fireChannelRead(DefaultChannelPipeline.java:918)
	at io.netty.channel.epoll.AbstractEpollStreamChannel$EpollStreamUnsafe.epollInReady(AbstractEpollStreamChannel.java:804)
	at io.netty.channel.epoll.AbstractEpollChannel$AbstractEpollUnsafe.handle(AbstractEpollChannel.java:482)
	at io.netty.channel.epoll.EpollIoHandler$DefaultEpollIoRegistration.handle(EpollIoHandler.java:317)
	at io.netty.channel.epoll.EpollIoHandler.processReady(EpollIoHandler.java:515)
	at io.netty.channel.epoll.EpollIoHandler.run(EpollIoHandler.java:460)
	at io.netty.channel.SingleThreadIoEventLoop.runIo(SingleThreadIoEventLoop.java:225)
	at io.netty.channel.SingleThreadIoEventLoop.run(SingleThreadIoEventLoop.java:196)
	at io.netty.util.concurrent.SingleThreadEventExecutor$5.run(SingleThreadEventExecutor.java:1195)
	at io.netty.util.internal.ThreadExecutorMap$2.run(ThreadExecutorMap.java:74)
	at io.netty.util.concurrent.FastThreadLocalRunnable.run(FastThreadLocalRunnable.java:30)
	at java.base/java.lang.Thread.run(Thread.java:1583)
	Suppressed: java.lang.Exception: #block terminated with an error
		at reactor.core.publisher.BlockingSingleSubscriber.blockingGet(BlockingSingleSubscriber.java:104)
		at reactor.core.publisher.Mono.block(Mono.java:1773)
		at com.mauisiios.notehub_server.integration.TestNoteRoutes.seed(TestNoteRoutes.kt:31)
Caused by: io.r2dbc.postgresql.ExceptionFactory$PostgresqlBadGrammarException: [42P01] relation &quot;note&quot; does not exist
	at io.r2dbc.postgresql.ExceptionFactory.createException(ExceptionFactory.java:96)
	at io.r2dbc.postgresql.ExceptionFactory.createException(ExceptionFactory.java:65)
	at io.r2dbc.postgresql.ExceptionFactory.handleErrorResponse(ExceptionFactory.java:132)
	at io.r2dbc.postgresql.PostgresqlResult.lambda$getRowsUpdated$0(PostgresqlResult.java:70)
	at reactor.core.publisher.FluxHandleFuseable$HandleFuseableSubscriber.onNext(FluxHandleFuseable.java:182)
	... 40 more
</failure>
  </testcase>
  <testcase name="should return a single note()" classname="com.mauisiios.notehub_server.integration.TestNoteRoutes" time="0.003">
    <failure message="org.springframework.r2dbc.BadSqlGrammarException: execute; bad SQL grammar [TRUNCATE TABLE note RESTART IDENTITY CASCADE]" type="org.springframework.r2dbc.BadSqlGrammarException">org.springframework.r2dbc.BadSqlGrammarException: execute; bad SQL grammar [TRUNCATE TABLE note RESTART IDENTITY CASCADE]
	at org.springframework.r2dbc.connection.ConnectionFactoryUtils.convertR2dbcException(ConnectionFactoryUtils.java:255)
	at org.springframework.r2dbc.core.DefaultDatabaseClient.lambda$inConnection$3(DefaultDatabaseClient.java:134)
	at reactor.core.publisher.Mono.lambda$onErrorMap$0(Mono.java:3841)
	at reactor.core.publisher.Mono.lambda$onErrorResume$0(Mono.java:3931)
	at reactor.core.publisher.FluxOnErrorResume$ResumeSubscriber.onError(FluxOnErrorResume.java:95)
	at reactor.core.publisher.MonoUsingWhen$MonoUsingWhenSubscriber.deferredError(MonoUsingWhen.java:280)
	at reactor.core.publisher.FluxUsingWhen$RollbackInner.onComplete(FluxUsingWhen.java:483)
	at reactor.core.publisher.Operators$MultiSubscriptionSubscriber.onComplete(Operators.java:2225)
	at reactor.core.publisher.FluxPeek$PeekSubscriber.onComplete(FluxPeek.java:263)
	at reactor.core.publisher.Operators$MultiSubscriptionSubscriber.onComplete(Operators.java:2225)
	at reactor.core.publisher.MonoIgnoreThen$ThenIgnoreMain.onComplete(MonoIgnoreThen.java:213)
	at reactor.core.publisher.MonoIgnoreThen$ThenIgnoreMain.onComplete(MonoIgnoreThen.java:213)
	at reactor.pool.SimpleDequePool.maybeRecycleAndDrain(SimpleDequePool.java:548)
	at reactor.pool.SimpleDequePool$QueuePoolRecyclerInner.onComplete(SimpleDequePool.java:793)
	at reactor.core.publisher.Operators.complete(Operators.java:137)
	at reactor.core.publisher.MonoEmpty.subscribe(MonoEmpty.java:46)
	at reactor.core.publisher.Mono.subscribe(Mono.java:4569)
	at reactor.pool.SimpleDequePool$QueuePoolRecyclerMono.subscribe(SimpleDequePool.java:906)
	at reactor.core.publisher.MonoDefer.subscribe(MonoDefer.java:54)
	at reactor.core.publisher.MonoIgnoreThen$ThenIgnoreMain.subscribeNext(MonoIgnoreThen.java:244)
	at reactor.core.publisher.MonoIgnoreThen$ThenIgnoreMain.onComplete(MonoIgnoreThen.java:207)
	at reactor.core.publisher.FluxPeek$PeekSubscriber.onComplete(FluxPeek.java:263)
	at reactor.core.publisher.Operators.complete(Operators.java:137)
	at reactor.core.publisher.MonoEmpty.subscribe(MonoEmpty.java:46)
	at reactor.core.publisher.Mono.subscribe(Mono.java:4569)
	at reactor.core.publisher.MonoIgnoreThen$ThenIgnoreMain.subscribeNext(MonoIgnoreThen.java:268)
	at reactor.core.publisher.MonoIgnoreThen.subscribe(MonoIgnoreThen.java:51)
	at reactor.core.publisher.MonoDefer.subscribe(MonoDefer.java:54)
	at reactor.core.publisher.MonoIgnoreThen$ThenIgnoreMain.subscribeNext(MonoIgnoreThen.java:244)
	at reactor.core.publisher.MonoIgnoreThen$ThenIgnoreMain.onComplete(MonoIgnoreThen.java:207)
	at reactor.core.publisher.MonoIgnoreElements$IgnoreElementsSubscriber.onComplete(MonoIgnoreElements.java:89)
	at reactor.core.publisher.FluxHandleFuseable$HandleFuseableSubscriber.onComplete(FluxHandleFuseable.java:242)
	at reactor.core.publisher.MonoSupplier$MonoSupplierSubscription.request(MonoSupplier.java:145)
	at reactor.core.publisher.FluxHandleFuseable$HandleFuseableSubscriber.request(FluxHandleFuseable.java:262)
	at reactor.core.publisher.MonoIgnoreElements$IgnoreElementsSubscriber.onSubscribe(MonoIgnoreElements.java:72)
	at reactor.core.publisher.FluxHandleFuseable$HandleFuseableSubscriber.onSubscribe(FluxHandleFuseable.java:166)
	at reactor.core.publisher.MonoSupplier.subscribe(MonoSupplier.java:47)
	at reactor.core.publisher.Mono.subscribe(Mono.java:4569)
	at reactor.core.publisher.MonoIgnoreThen$ThenIgnoreMain.subscribeNext(MonoIgnoreThen.java:268)
	at reactor.core.publisher.MonoIgnoreThen.subscribe(MonoIgnoreThen.java:51)
	at reactor.core.publisher.InternalMonoOperator.subscribe(InternalMonoOperator.java:75)
	at reactor.core.publisher.MonoDefer.subscribe(MonoDefer.java:54)
	at reactor.core.publisher.Mono.subscribe(Mono.java:4569)
	at reactor.core.publisher.FluxOnErrorResume$ResumeSubscriber.onError(FluxOnErrorResume.java:104)
	at reactor.core.publisher.MonoIgnoreElements$IgnoreElementsSubscriber.onError(MonoIgnoreElements.java:84)
	at reactor.core.publisher.FluxMap$MapSubscriber.onError(FluxMap.java:134)
	at reactor.core.publisher.FluxFilter$FilterSubscriber.onError(FluxFilter.java:158)
	at reactor.core.publisher.FluxFilter$FilterConditionalSubscriber.onError(FluxFilter.java:292)
	at reactor.core.publisher.FluxMap$MapConditionalSubscriber.onError(FluxMap.java:265)
	at reactor.core.publisher.Operators.error(Operators.java:198)
	at reactor.core.publisher.MonoError.subscribe(MonoError.java:54)
	at reactor.core.publisher.MonoDeferContextual.subscribe(MonoDeferContextual.java:56)
	at reactor.core.publisher.InternalMonoOperator.subscribe(InternalMonoOperator.java:75)
	at reactor.core.publisher.MonoDefer.subscribe(MonoDefer.java:54)
	at reactor.core.publisher.Mono.subscribe(Mono.java:4569)
	at reactor.core.publisher.FluxUsingWhen$UsingWhenSubscriber.onError(FluxUsingWhen.java:371)
	at reactor.core.publisher.MonoStreamCollector$StreamCollectorSubscriber.onError(MonoStreamCollector.java:148)
	at reactor.core.publisher.FluxMap$MapSubscriber.onError(FluxMap.java:134)
	at reactor.core.publisher.FluxFlatMap$FlatMapMain.checkTerminated(FluxFlatMap.java:847)
	at reactor.core.publisher.FluxFlatMap$FlatMapMain.drainLoop(FluxFlatMap.java:613)
	at reactor.core.publisher.FluxFlatMap$FlatMapMain.drain(FluxFlatMap.java:593)
	at reactor.core.publisher.FluxFlatMap$FlatMapMain.innerError(FluxFlatMap.java:868)
	at reactor.core.publisher.FluxFlatMap$FlatMapInner.onError(FluxFlatMap.java:997)
	at reactor.core.publisher.FluxHandleFuseable$HandleFuseableSubscriber.onError(FluxHandleFuseable.java:232)
	at reactor.core.publisher.MonoCollectList$MonoCollectListSubscriber.onError(MonoCollectList.java:107)
	at reactor.core.publisher.FluxHandleFuseable$HandleFuseableSubscriber.onNext(FluxHandleFuseable.java:204)
	at reactor.core.publisher.FluxWindowPredicate$WindowFlux.drainRegular(FluxWindowPredicate.java:679)
	at reactor.core.publisher.FluxWindowPredicate$WindowFlux.drain(FluxWindowPredicate.java:757)
	at reactor.core.publisher.FluxWindowPredicate$WindowFlux.onNext(FluxWindowPredicate.java:799)
	at reactor.core.publisher.FluxWindowPredicate$WindowPredicateMain.onNext(FluxWindowPredicate.java:246)
	at io.r2dbc.postgresql.util.FluxDiscardOnCancel$FluxDiscardOnCancelSubscriber.onNext(FluxDiscardOnCancel.java:91)
	at reactor.core.publisher.FluxContextWrite$ContextWriteSubscriber.onNext(FluxContextWrite.java:109)
	at reactor.core.publisher.FluxCreate$BufferAsyncSink.drain(FluxCreate.java:887)
	at reactor.core.publisher.FluxCreate$BufferAsyncSink.next(FluxCreate.java:812)
	at reactor.core.publisher.FluxCreate$SerializedFluxSink.next(FluxCreate.java:164)
	at io.r2dbc.postgresql.client.ReactorNettyClient$Conversation.emit(ReactorNettyClient.java:717)
	at io.r2dbc.postgresql.client.ReactorNettyClient$BackendMessageSubscriber.emit(ReactorNettyClient.java:969)
	at io.r2dbc.postgresql.client.ReactorNettyClient$BackendMessageSubscriber.onNext(ReactorNettyClient.java:843)
	at io.r2dbc.postgresql.client.ReactorNettyClient$BackendMessageSubscriber.onNext(ReactorNettyClient.java:749)
	at reactor.core.publisher.FluxHandle$HandleSubscriber.onNext(FluxHandle.java:132)
	at reactor.core.publisher.FluxPeekFuseable$PeekConditionalSubscriber.onNext(FluxPeekFuseable.java:850)
	at reactor.core.publisher.FluxMap$MapConditionalSubscriber.onNext(FluxMap.java:224)
	at reactor.core.publisher.FluxMap$MapConditionalSubscriber.onNext(FluxMap.java:224)
	at reactor.netty.channel.FluxReceive.drainReceiver(FluxReceive.java:296)
	at reactor.netty.channel.FluxReceive.onInboundNext(FluxReceive.java:407)
	at reactor.netty.channel.ChannelOperations.onInboundNext(ChannelOperations.java:445)
	at reactor.netty.channel.ChannelOperationsHandler.channelRead(ChannelOperationsHandler.java:115)
	at io.netty.channel.AbstractChannelHandlerContext.fireChannelRead(AbstractChannelHandlerContext.java:357)
	at io.netty.handler.codec.ByteToMessageDecoder.fireChannelRead(ByteToMessageDecoder.java:361)
	at io.netty.handler.codec.ByteToMessageDecoder.fireChannelRead(ByteToMessageDecoder.java:348)
	at io.netty.handler.codec.ByteToMessageDecoder.callDecode(ByteToMessageDecoder.java:470)
	at io.netty.handler.codec.ByteToMessageDecoder.channelRead(ByteToMessageDecoder.java:296)
	at io.netty.channel.AbstractChannelHandlerContext.fireChannelRead(AbstractChannelHandlerContext.java:357)
	at io.netty.channel.DefaultChannelPipeline$HeadContext.channelRead(DefaultChannelPipeline.java:1429)
	at io.netty.channel.DefaultChannelPipeline.fireChannelRead(DefaultChannelPipeline.java:918)
	at io.netty.channel.epoll.AbstractEpollStreamChannel$EpollStreamUnsafe.epollInReady(AbstractEpollStreamChannel.java:804)
	at io.netty.channel.epoll.AbstractEpollChannel$AbstractEpollUnsafe.handle(AbstractEpollChannel.java:482)
	at io.netty.channel.epoll.EpollIoHandler$DefaultEpollIoRegistration.handle(EpollIoHandler.java:317)
	at io.netty.channel.epoll.EpollIoHandler.processReady(EpollIoHandler.java:515)
	at io.netty.channel.epoll.EpollIoHandler.run(EpollIoHandler.java:460)
	at io.netty.channel.SingleThreadIoEventLoop.runIo(SingleThreadIoEventLoop.java:225)
	at io.netty.channel.SingleThreadIoEventLoop.run(SingleThreadIoEventLoop.java:196)
	at io.netty.util.concurrent.SingleThreadEventExecutor$5.run(SingleThreadEventExecutor.java:1195)
	at io.netty.util.internal.ThreadExecutorMap$2.run(ThreadExecutorMap.java:74)
	at io.netty.util.concurrent.FastThreadLocalRunnable.run(FastThreadLocalRunnable.java:30)
	at java.base/java.lang.Thread.run(Thread.java:1583)
	Suppressed: java.lang.Exception: #block terminated with an error
		at reactor.core.publisher.BlockingSingleSubscriber.blockingGet(BlockingSingleSubscriber.java:104)
		at reactor.core.publisher.Mono.block(Mono.java:1773)
		at com.mauisiios.notehub_server.integration.TestNoteRoutes.seed(TestNoteRoutes.kt:31)
Caused by: io.r2dbc.postgresql.ExceptionFactory$PostgresqlBadGrammarException: [42P01] relation &quot;note&quot; does not exist
	at io.r2dbc.postgresql.ExceptionFactory.createException(ExceptionFactory.java:96)
	at io.r2dbc.postgresql.ExceptionFactory.createException(ExceptionFactory.java:65)
	at io.r2dbc.postgresql.ExceptionFactory.handleErrorResponse(ExceptionFactory.java:132)
	at io.r2dbc.postgresql.PostgresqlResult.lambda$getRowsUpdated$0(PostgresqlResult.java:70)
	at reactor.core.publisher.FluxHandleFuseable$HandleFuseableSubscriber.onNext(FluxHandleFuseable.java:182)
	... 40 more
</failure>
  </testcase>
  <testcase name="should create a new note()" classname="com.mauisiios.notehub_server.integration.TestNoteRoutes" time="0.004">
    <failure message="org.springframework.r2dbc.BadSqlGrammarException: execute; bad SQL grammar [TRUNCATE TABLE note RESTART IDENTITY CASCADE]" type="org.springframework.r2dbc.BadSqlGrammarException">org.springframework.r2dbc.BadSqlGrammarException: execute; bad SQL grammar [TRUNCATE TABLE note RESTART IDENTITY CASCADE]
	at org.springframework.r2dbc.connection.ConnectionFactoryUtils.convertR2dbcException(ConnectionFactoryUtils.java:255)
	at org.springframework.r2dbc.core.DefaultDatabaseClient.lambda$inConnection$3(DefaultDatabaseClient.java:134)
	at reactor.core.publisher.Mono.lambda$onErrorMap$0(Mono.java:3841)
	at reactor.core.publisher.Mono.lambda$onErrorResume$0(Mono.java:3931)
	at reactor.core.publisher.FluxOnErrorResume$ResumeSubscriber.onError(FluxOnErrorResume.java:95)
	at reactor.core.publisher.MonoUsingWhen$MonoUsingWhenSubscriber.deferredError(MonoUsingWhen.java:280)
	at reactor.core.publisher.FluxUsingWhen$RollbackInner.onComplete(FluxUsingWhen.java:483)
	at reactor.core.publisher.Operators$MultiSubscriptionSubscriber.onComplete(Operators.java:2225)
	at reactor.core.publisher.FluxPeek$PeekSubscriber.onComplete(FluxPeek.java:263)
	at reactor.core.publisher.Operators$MultiSubscriptionSubscriber.onComplete(Operators.java:2225)
	at reactor.core.publisher.MonoIgnoreThen$ThenIgnoreMain.onComplete(MonoIgnoreThen.java:213)
	at reactor.core.publisher.MonoIgnoreThen$ThenIgnoreMain.onComplete(MonoIgnoreThen.java:213)
	at reactor.pool.SimpleDequePool.maybeRecycleAndDrain(SimpleDequePool.java:548)
	at reactor.pool.SimpleDequePool$QueuePoolRecyclerInner.onComplete(SimpleDequePool.java:793)
	at reactor.core.publisher.Operators.complete(Operators.java:137)
	at reactor.core.publisher.MonoEmpty.subscribe(MonoEmpty.java:46)
	at reactor.core.publisher.Mono.subscribe(Mono.java:4569)
	at reactor.pool.SimpleDequePool$QueuePoolRecyclerMono.subscribe(SimpleDequePool.java:906)
	at reactor.core.publisher.MonoDefer.subscribe(MonoDefer.java:54)
	at reactor.core.publisher.MonoIgnoreThen$ThenIgnoreMain.subscribeNext(MonoIgnoreThen.java:244)
	at reactor.core.publisher.MonoIgnoreThen$ThenIgnoreMain.onComplete(MonoIgnoreThen.java:207)
	at reactor.core.publisher.FluxPeek$PeekSubscriber.onComplete(FluxPeek.java:263)
	at reactor.core.publisher.Operators.complete(Operators.java:137)
	at reactor.core.publisher.MonoEmpty.subscribe(MonoEmpty.java:46)
	at reactor.core.publisher.Mono.subscribe(Mono.java:4569)
	at reactor.core.publisher.MonoIgnoreThen$ThenIgnoreMain.subscribeNext(MonoIgnoreThen.java:268)
	at reactor.core.publisher.MonoIgnoreThen.subscribe(MonoIgnoreThen.java:51)
	at reactor.core.publisher.MonoDefer.subscribe(MonoDefer.java:54)
	at reactor.core.publisher.MonoIgnoreThen$ThenIgnoreMain.subscribeNext(MonoIgnoreThen.java:244)
	at reactor.core.publisher.MonoIgnoreThen$ThenIgnoreMain.onComplete(MonoIgnoreThen.java:207)
	at reactor.core.publisher.MonoIgnoreElements$IgnoreElementsSubscriber.onComplete(MonoIgnoreElements.java:89)
	at reactor.core.publisher.FluxHandleFuseable$HandleFuseableSubscriber.onComplete(FluxHandleFuseable.java:242)
	at reactor.core.publisher.MonoSupplier$MonoSupplierSubscription.request(MonoSupplier.java:145)
	at reactor.core.publisher.FluxHandleFuseable$HandleFuseableSubscriber.request(FluxHandleFuseable.java:262)
	at reactor.core.publisher.MonoIgnoreElements$IgnoreElementsSubscriber.onSubscribe(MonoIgnoreElements.java:72)
	at reactor.core.publisher.FluxHandleFuseable$HandleFuseableSubscriber.onSubscribe(FluxHandleFuseable.java:166)
	at reactor.core.publisher.MonoSupplier.subscribe(MonoSupplier.java:47)
	at reactor.core.publisher.Mono.subscribe(Mono.java:4569)
	at reactor.core.publisher.MonoIgnoreThen$ThenIgnoreMain.subscribeNext(MonoIgnoreThen.java:268)
	at reactor.core.publisher.MonoIgnoreThen.subscribe(MonoIgnoreThen.java:51)
	at reactor.core.publisher.InternalMonoOperator.subscribe(InternalMonoOperator.java:75)
	at reactor.core.publisher.MonoDefer.subscribe(MonoDefer.java:54)
	at reactor.core.publisher.Mono.subscribe(Mono.java:4569)
	at reactor.core.publisher.FluxOnErrorResume$ResumeSubscriber.onError(FluxOnErrorResume.java:104)
	at reactor.core.publisher.MonoIgnoreElements$IgnoreElementsSubscriber.onError(MonoIgnoreElements.java:84)
	at reactor.core.publisher.FluxMap$MapSubscriber.onError(FluxMap.java:134)
	at reactor.core.publisher.FluxFilter$FilterSubscriber.onError(FluxFilter.java:158)
	at reactor.core.publisher.FluxFilter$FilterConditionalSubscriber.onError(FluxFilter.java:292)
	at reactor.core.publisher.FluxMap$MapConditionalSubscriber.onError(FluxMap.java:265)
	at reactor.core.publisher.Operators.error(Operators.java:198)
	at reactor.core.publisher.MonoError.subscribe(MonoError.java:54)
	at reactor.core.publisher.MonoDeferContextual.subscribe(MonoDeferContextual.java:56)
	at reactor.core.publisher.InternalMonoOperator.subscribe(InternalMonoOperator.java:75)
	at reactor.core.publisher.MonoDefer.subscribe(MonoDefer.java:54)
	at reactor.core.publisher.Mono.subscribe(Mono.java:4569)
	at reactor.core.publisher.FluxUsingWhen$UsingWhenSubscriber.onError(FluxUsingWhen.java:371)
	at reactor.core.publisher.MonoStreamCollector$StreamCollectorSubscriber.onError(MonoStreamCollector.java:148)
	at reactor.core.publisher.FluxMap$MapSubscriber.onError(FluxMap.java:134)
	at reactor.core.publisher.FluxFlatMap$FlatMapMain.checkTerminated(FluxFlatMap.java:847)
	at reactor.core.publisher.FluxFlatMap$FlatMapMain.drainLoop(FluxFlatMap.java:613)
	at reactor.core.publisher.FluxFlatMap$FlatMapMain.drain(FluxFlatMap.java:593)
	at reactor.core.publisher.FluxFlatMap$FlatMapMain.innerError(FluxFlatMap.java:868)
	at reactor.core.publisher.FluxFlatMap$FlatMapInner.onError(FluxFlatMap.java:997)
	at reactor.core.publisher.FluxHandleFuseable$HandleFuseableSubscriber.onError(FluxHandleFuseable.java:232)
	at reactor.core.publisher.MonoCollectList$MonoCollectListSubscriber.onError(MonoCollectList.java:107)
	at reactor.core.publisher.FluxHandleFuseable$HandleFuseableSubscriber.onNext(FluxHandleFuseable.java:204)
	at reactor.core.publisher.FluxWindowPredicate$WindowFlux.drainRegular(FluxWindowPredicate.java:679)
	at reactor.core.publisher.FluxWindowPredicate$WindowFlux.drain(FluxWindowPredicate.java:757)
	at reactor.core.publisher.FluxWindowPredicate$WindowFlux.onNext(FluxWindowPredicate.java:799)
	at reactor.core.publisher.FluxWindowPredicate$WindowPredicateMain.onNext(FluxWindowPredicate.java:246)
	at io.r2dbc.postgresql.util.FluxDiscardOnCancel$FluxDiscardOnCancelSubscriber.onNext(FluxDiscardOnCancel.java:91)
	at reactor.core.publisher.FluxContextWrite$ContextWriteSubscriber.onNext(FluxContextWrite.java:109)
	at reactor.core.publisher.FluxCreate$BufferAsyncSink.drain(FluxCreate.java:887)
	at reactor.core.publisher.FluxCreate$BufferAsyncSink.next(FluxCreate.java:812)
	at reactor.core.publisher.FluxCreate$SerializedFluxSink.next(FluxCreate.java:164)
	at io.r2dbc.postgresql.client.ReactorNettyClient$Conversation.emit(ReactorNettyClient.java:717)
	at io.r2dbc.postgresql.client.ReactorNettyClient$BackendMessageSubscriber.emit(ReactorNettyClient.java:969)
	at io.r2dbc.postgresql.client.ReactorNettyClient$BackendMessageSubscriber.onNext(ReactorNettyClient.java:843)
	at io.r2dbc.postgresql.client.ReactorNettyClient$BackendMessageSubscriber.onNext(ReactorNettyClient.java:749)
	at reactor.core.publisher.FluxHandle$HandleSubscriber.onNext(FluxHandle.java:132)
	at reactor.core.publisher.FluxPeekFuseable$PeekConditionalSubscriber.onNext(FluxPeekFuseable.java:850)
	at reactor.core.publisher.FluxMap$MapConditionalSubscriber.onNext(FluxMap.java:224)
	at reactor.core.publisher.FluxMap$MapConditionalSubscriber.onNext(FluxMap.java:224)
	at reactor.netty.channel.FluxReceive.drainReceiver(FluxReceive.java:296)
	at reactor.netty.channel.FluxReceive.onInboundNext(FluxReceive.java:407)
	at reactor.netty.channel.ChannelOperations.onInboundNext(ChannelOperations.java:445)
	at reactor.netty.channel.ChannelOperationsHandler.channelRead(ChannelOperationsHandler.java:115)
	at io.netty.channel.AbstractChannelHandlerContext.fireChannelRead(AbstractChannelHandlerContext.java:357)
	at io.netty.handler.codec.ByteToMessageDecoder.fireChannelRead(ByteToMessageDecoder.java:361)
	at io.netty.handler.codec.ByteToMessageDecoder.fireChannelRead(ByteToMessageDecoder.java:348)
	at io.netty.handler.codec.ByteToMessageDecoder.callDecode(ByteToMessageDecoder.java:470)
	at io.netty.handler.codec.ByteToMessageDecoder.channelRead(ByteToMessageDecoder.java:296)
	at io.netty.channel.AbstractChannelHandlerContext.fireChannelRead(AbstractChannelHandlerContext.java:357)
	at io.netty.channel.DefaultChannelPipeline$HeadContext.channelRead(DefaultChannelPipeline.java:1429)
	at io.netty.channel.DefaultChannelPipeline.fireChannelRead(DefaultChannelPipeline.java:918)
	at io.netty.channel.epoll.AbstractEpollStreamChannel$EpollStreamUnsafe.epollInReady(AbstractEpollStreamChannel.java:804)
	at io.netty.channel.epoll.AbstractEpollChannel$AbstractEpollUnsafe.handle(AbstractEpollChannel.java:482)
	at io.netty.channel.epoll.EpollIoHandler$DefaultEpollIoRegistration.handle(EpollIoHandler.java:317)
	at io.netty.channel.epoll.EpollIoHandler.processReady(EpollIoHandler.java:515)
	at io.netty.channel.epoll.EpollIoHandler.run(EpollIoHandler.java:460)
	at io.netty.channel.SingleThreadIoEventLoop.runIo(SingleThreadIoEventLoop.java:225)
	at io.netty.channel.SingleThreadIoEventLoop.run(SingleThreadIoEventLoop.java:196)
	at io.netty.util.concurrent.SingleThreadEventExecutor$5.run(SingleThreadEventExecutor.java:1195)
	at io.netty.util.internal.ThreadExecutorMap$2.run(ThreadExecutorMap.java:74)
	at io.netty.util.concurrent.FastThreadLocalRunnable.run(FastThreadLocalRunnable.java:30)
	at java.base/java.lang.Thread.run(Thread.java:1583)
	Suppressed: java.lang.Exception: #block terminated with an error
		at reactor.core.publisher.BlockingSingleSubscriber.blockingGet(BlockingSingleSubscriber.java:104)
		at reactor.core.publisher.Mono.block(Mono.java:1773)
		at com.mauisiios.notehub_server.integration.TestNoteRoutes.seed(TestNoteRoutes.kt:31)
Caused by: io.r2dbc.postgresql.ExceptionFactory$PostgresqlBadGrammarException: [42P01] relation &quot;note&quot; does not exist
	at io.r2dbc.postgresql.ExceptionFactory.createException(ExceptionFactory.java:96)
	at io.r2dbc.postgresql.ExceptionFactory.createException(ExceptionFactory.java:65)
	at io.r2dbc.postgresql.ExceptionFactory.handleErrorResponse(ExceptionFactory.java:132)
	at io.r2dbc.postgresql.PostgresqlResult.lambda$getRowsUpdated$0(PostgresqlResult.java:70)
	at reactor.core.publisher.FluxHandleFuseable$HandleFuseableSubscriber.onNext(FluxHandleFuseable.java:182)
	... 40 more
</failure>
  </testcase>
  <testcase name="should delete a note()" classname="com.mauisiios.notehub_server.integration.TestNoteRoutes" time="0.005">
    <failure message="org.springframework.r2dbc.BadSqlGrammarException: execute; bad SQL grammar [TRUNCATE TABLE note RESTART IDENTITY CASCADE]" type="org.springframework.r2dbc.BadSqlGrammarException">org.springframework.r2dbc.BadSqlGrammarException: execute; bad SQL grammar [TRUNCATE TABLE note RESTART IDENTITY CASCADE]
	at org.springframework.r2dbc.connection.ConnectionFactoryUtils.convertR2dbcException(ConnectionFactoryUtils.java:255)
	at org.springframework.r2dbc.core.DefaultDatabaseClient.lambda$inConnection$3(DefaultDatabaseClient.java:134)
	at reactor.core.publisher.Mono.lambda$onErrorMap$0(Mono.java:3841)
	at reactor.core.publisher.Mono.lambda$onErrorResume$0(Mono.java:3931)
	at reactor.core.publisher.FluxOnErrorResume$ResumeSubscriber.onError(FluxOnErrorResume.java:95)
	at reactor.core.publisher.MonoUsingWhen$MonoUsingWhenSubscriber.deferredError(MonoUsingWhen.java:280)
	at reactor.core.publisher.FluxUsingWhen$RollbackInner.onComplete(FluxUsingWhen.java:483)
	at reactor.core.publisher.Operators$MultiSubscriptionSubscriber.onComplete(Operators.java:2225)
	at reactor.core.publisher.FluxPeek$PeekSubscriber.onComplete(FluxPeek.java:263)
	at reactor.core.publisher.Operators$MultiSubscriptionSubscriber.onComplete(Operators.java:2225)
	at reactor.core.publisher.MonoIgnoreThen$ThenIgnoreMain.onComplete(MonoIgnoreThen.java:213)
	at reactor.core.publisher.MonoIgnoreThen$ThenIgnoreMain.onComplete(MonoIgnoreThen.java:213)
	at reactor.pool.SimpleDequePool.maybeRecycleAndDrain(SimpleDequePool.java:548)
	at reactor.pool.SimpleDequePool$QueuePoolRecyclerInner.onComplete(SimpleDequePool.java:793)
	at reactor.core.publisher.Operators.complete(Operators.java:137)
	at reactor.core.publisher.MonoEmpty.subscribe(MonoEmpty.java:46)
	at reactor.core.publisher.Mono.subscribe(Mono.java:4569)
	at reactor.pool.SimpleDequePool$QueuePoolRecyclerMono.subscribe(SimpleDequePool.java:906)
	at reactor.core.publisher.MonoDefer.subscribe(MonoDefer.java:54)
	at reactor.core.publisher.MonoIgnoreThen$ThenIgnoreMain.subscribeNext(MonoIgnoreThen.java:244)
	at reactor.core.publisher.MonoIgnoreThen$ThenIgnoreMain.onComplete(MonoIgnoreThen.java:207)
	at reactor.core.publisher.FluxPeek$PeekSubscriber.onComplete(FluxPeek.java:263)
	at reactor.core.publisher.Operators.complete(Operators.java:137)
	at reactor.core.publisher.MonoEmpty.subscribe(MonoEmpty.java:46)
	at reactor.core.publisher.Mono.subscribe(Mono.java:4569)
	at reactor.core.publisher.MonoIgnoreThen$ThenIgnoreMain.subscribeNext(MonoIgnoreThen.java:268)
	at reactor.core.publisher.MonoIgnoreThen.subscribe(MonoIgnoreThen.java:51)
	at reactor.core.publisher.MonoDefer.subscribe(MonoDefer.java:54)
	at reactor.core.publisher.MonoIgnoreThen$ThenIgnoreMain.subscribeNext(MonoIgnoreThen.java:244)
	at reactor.core.publisher.MonoIgnoreThen$ThenIgnoreMain.onComplete(MonoIgnoreThen.java:207)
	at reactor.core.publisher.MonoIgnoreElements$IgnoreElementsSubscriber.onComplete(MonoIgnoreElements.java:89)
	at reactor.core.publisher.FluxHandleFuseable$HandleFuseableSubscriber.onComplete(FluxHandleFuseable.java:242)
	at reactor.core.publisher.MonoSupplier$MonoSupplierSubscription.request(MonoSupplier.java:145)
	at reactor.core.publisher.FluxHandleFuseable$HandleFuseableSubscriber.request(FluxHandleFuseable.java:262)
	at reactor.core.publisher.MonoIgnoreElements$IgnoreElementsSubscriber.onSubscribe(MonoIgnoreElements.java:72)
	at reactor.core.publisher.FluxHandleFuseable$HandleFuseableSubscriber.onSubscribe(FluxHandleFuseable.java:166)
	at reactor.core.publisher.MonoSupplier.subscribe(MonoSupplier.java:47)
	at reactor.core.publisher.Mono.subscribe(Mono.java:4569)
	at reactor.core.publisher.MonoIgnoreThen$ThenIgnoreMain.subscribeNext(MonoIgnoreThen.java:268)
	at reactor.core.publisher.MonoIgnoreThen.subscribe(MonoIgnoreThen.java:51)
	at reactor.core.publisher.InternalMonoOperator.subscribe(InternalMonoOperator.java:75)
	at reactor.core.publisher.MonoDefer.subscribe(MonoDefer.java:54)
	at reactor.core.publisher.Mono.subscribe(Mono.java:4569)
	at reactor.core.publisher.FluxOnErrorResume$ResumeSubscriber.onError(FluxOnErrorResume.java:104)
	at reactor.core.publisher.MonoIgnoreElements$IgnoreElementsSubscriber.onError(MonoIgnoreElements.java:84)
	at reactor.core.publisher.FluxMap$MapSubscriber.onError(FluxMap.java:134)
	at reactor.core.publisher.FluxFilter$FilterSubscriber.onError(FluxFilter.java:158)
	at reactor.core.publisher.FluxFilter$FilterConditionalSubscriber.onError(FluxFilter.java:292)
	at reactor.core.publisher.FluxMap$MapConditionalSubscriber.onError(FluxMap.java:265)
	at reactor.core.publisher.Operators.error(Operators.java:198)
	at reactor.core.publisher.MonoError.subscribe(MonoError.java:54)
	at reactor.core.publisher.MonoDeferContextual.subscribe(MonoDeferContextual.java:56)
	at reactor.core.publisher.InternalMonoOperator.subscribe(InternalMonoOperator.java:75)
	at reactor.core.publisher.MonoDefer.subscribe(MonoDefer.java:54)
	at reactor.core.publisher.Mono.subscribe(Mono.java:4569)
	at reactor.core.publisher.FluxUsingWhen$UsingWhenSubscriber.onError(FluxUsingWhen.java:371)
	at reactor.core.publisher.MonoStreamCollector$StreamCollectorSubscriber.onError(MonoStreamCollector.java:148)
	at reactor.core.publisher.FluxMap$MapSubscriber.onError(FluxMap.java:134)
	at reactor.core.publisher.FluxFlatMap$FlatMapMain.checkTerminated(FluxFlatMap.java:847)
	at reactor.core.publisher.FluxFlatMap$FlatMapMain.drainLoop(FluxFlatMap.java:613)
	at reactor.core.publisher.FluxFlatMap$FlatMapMain.drain(FluxFlatMap.java:593)
	at reactor.core.publisher.FluxFlatMap$FlatMapMain.innerError(FluxFlatMap.java:868)
	at reactor.core.publisher.FluxFlatMap$FlatMapInner.onError(FluxFlatMap.java:997)
	at reactor.core.publisher.FluxHandleFuseable$HandleFuseableSubscriber.onError(FluxHandleFuseable.java:232)
	at reactor.core.publisher.MonoCollectList$MonoCollectListSubscriber.onError(MonoCollectList.java:107)
	at reactor.core.publisher.FluxHandleFuseable$HandleFuseableSubscriber.onNext(FluxHandleFuseable.java:204)
	at reactor.core.publisher.FluxWindowPredicate$WindowFlux.drainRegular(FluxWindowPredicate.java:679)
	at reactor.core.publisher.FluxWindowPredicate$WindowFlux.drain(FluxWindowPredicate.java:757)
	at reactor.core.publisher.FluxWindowPredicate$WindowFlux.onNext(FluxWindowPredicate.java:799)
	at reactor.core.publisher.FluxWindowPredicate$WindowPredicateMain.onNext(FluxWindowPredicate.java:246)
	at io.r2dbc.postgresql.util.FluxDiscardOnCancel$FluxDiscardOnCancelSubscriber.onNext(FluxDiscardOnCancel.java:91)
	at reactor.core.publisher.FluxContextWrite$ContextWriteSubscriber.onNext(FluxContextWrite.java:109)
	at reactor.core.publisher.FluxCreate$BufferAsyncSink.drain(FluxCreate.java:887)
	at reactor.core.publisher.FluxCreate$BufferAsyncSink.next(FluxCreate.java:812)
	at reactor.core.publisher.FluxCreate$SerializedFluxSink.next(FluxCreate.java:164)
	at io.r2dbc.postgresql.client.ReactorNettyClient$Conversation.emit(ReactorNettyClient.java:717)
	at io.r2dbc.postgresql.client.ReactorNettyClient$BackendMessageSubscriber.emit(ReactorNettyClient.java:969)
	at io.r2dbc.postgresql.client.ReactorNettyClient$BackendMessageSubscriber.onNext(ReactorNettyClient.java:843)
	at io.r2dbc.postgresql.client.ReactorNettyClient$BackendMessageSubscriber.onNext(ReactorNettyClient.java:749)
	at reactor.core.publisher.FluxHandle$HandleSubscriber.onNext(FluxHandle.java:132)
	at reactor.core.publisher.FluxPeekFuseable$PeekConditionalSubscriber.onNext(FluxPeekFuseable.java:850)
	at reactor.core.publisher.FluxMap$MapConditionalSubscriber.onNext(FluxMap.java:224)
	at reactor.core.publisher.FluxMap$MapConditionalSubscriber.onNext(FluxMap.java:224)
	at reactor.netty.channel.FluxReceive.drainReceiver(FluxReceive.java:296)
	at reactor.netty.channel.FluxReceive.onInboundNext(FluxReceive.java:407)
	at reactor.netty.channel.ChannelOperations.onInboundNext(ChannelOperations.java:445)
	at reactor.netty.channel.ChannelOperationsHandler.channelRead(ChannelOperationsHandler.java:115)
	at io.netty.channel.AbstractChannelHandlerContext.fireChannelRead(AbstractChannelHandlerContext.java:357)
	at io.netty.handler.codec.ByteToMessageDecoder.fireChannelRead(ByteToMessageDecoder.java:361)
	at io.netty.handler.codec.ByteToMessageDecoder.fireChannelRead(ByteToMessageDecoder.java:348)
	at io.netty.handler.codec.ByteToMessageDecoder.callDecode(ByteToMessageDecoder.java:470)
	at io.netty.handler.codec.ByteToMessageDecoder.channelRead(ByteToMessageDecoder.java:296)
	at io.netty.channel.AbstractChannelHandlerContext.fireChannelRead(AbstractChannelHandlerContext.java:357)
	at io.netty.channel.DefaultChannelPipeline$HeadContext.channelRead(DefaultChannelPipeline.java:1429)
	at io.netty.channel.DefaultChannelPipeline.fireChannelRead(DefaultChannelPipeline.java:918)
	at io.netty.channel.epoll.AbstractEpollStreamChannel$EpollStreamUnsafe.epollInReady(AbstractEpollStreamChannel.java:804)
	at io.netty.channel.epoll.AbstractEpollChannel$AbstractEpollUnsafe.handle(AbstractEpollChannel.java:482)
	at io.netty.channel.epoll.EpollIoHandler$DefaultEpollIoRegistration.handle(EpollIoHandler.java:317)
	at io.netty.channel.epoll.EpollIoHandler.processReady(EpollIoHandler.java:515)
	at io.netty.channel.epoll.EpollIoHandler.run(EpollIoHandler.java:460)
	at io.netty.channel.SingleThreadIoEventLoop.runIo(SingleThreadIoEventLoop.java:225)
	at io.netty.channel.SingleThreadIoEventLoop.run(SingleThreadIoEventLoop.java:196)
	at io.netty.util.concurrent.SingleThreadEventExecutor$5.run(SingleThreadEventExecutor.java:1195)
	at io.netty.util.internal.ThreadExecutorMap$2.run(ThreadExecutorMap.java:74)
	at io.netty.util.concurrent.FastThreadLocalRunnable.run(FastThreadLocalRunnable.java:30)
	at java.base/java.lang.Thread.run(Thread.java:1583)
	Suppressed: java.lang.Exception: #block terminated with an error
		at reactor.core.publisher.BlockingSingleSubscriber.blockingGet(BlockingSingleSubscriber.java:104)
		at reactor.core.publisher.Mono.block(Mono.java:1773)
		at com.mauisiios.notehub_server.integration.TestNoteRoutes.seed(TestNoteRoutes.kt:31)
Caused by: io.r2dbc.postgresql.ExceptionFactory$PostgresqlBadGrammarException: [42P01] relation &quot;note&quot; does not exist
	at io.r2dbc.postgresql.ExceptionFactory.createException(ExceptionFactory.java:96)
	at io.r2dbc.postgresql.ExceptionFactory.createException(ExceptionFactory.java:65)
	at io.r2dbc.postgresql.ExceptionFactory.handleErrorResponse(ExceptionFactory.java:132)
	at io.r2dbc.postgresql.PostgresqlResult.lambda$getRowsUpdated$0(PostgresqlResult.java:70)
	at reactor.core.publisher.FluxHandleFuseable$HandleFuseableSubscriber.onNext(FluxHandleFuseable.java:182)
	... 40 more
</failure>
  </testcase>
  <testcase name="should return a single note by title()" classname="com.mauisiios.notehub_server.integration.TestNoteRoutes" time="0.005">
    <failure message="org.springframework.r2dbc.BadSqlGrammarException: execute; bad SQL grammar [TRUNCATE TABLE note RESTART IDENTITY CASCADE]" type="org.springframework.r2dbc.BadSqlGrammarException">org.springframework.r2dbc.BadSqlGrammarException: execute; bad SQL grammar [TRUNCATE TABLE note RESTART IDENTITY CASCADE]
	at org.springframework.r2dbc.connection.ConnectionFactoryUtils.convertR2dbcException(ConnectionFactoryUtils.java:255)
	at org.springframework.r2dbc.core.DefaultDatabaseClient.lambda$inConnection$3(DefaultDatabaseClient.java:134)
	at reactor.core.publisher.Mono.lambda$onErrorMap$0(Mono.java:3841)
	at reactor.core.publisher.Mono.lambda$onErrorResume$0(Mono.java:3931)
	at reactor.core.publisher.FluxOnErrorResume$ResumeSubscriber.onError(FluxOnErrorResume.java:95)
	at reactor.core.publisher.MonoUsingWhen$MonoUsingWhenSubscriber.deferredError(MonoUsingWhen.java:280)
	at reactor.core.publisher.FluxUsingWhen$RollbackInner.onComplete(FluxUsingWhen.java:483)
	at reactor.core.publisher.Operators$MultiSubscriptionSubscriber.onComplete(Operators.java:2225)
	at reactor.core.publisher.FluxPeek$PeekSubscriber.onComplete(FluxPeek.java:263)
	at reactor.core.publisher.Operators$MultiSubscriptionSubscriber.onComplete(Operators.java:2225)
	at reactor.core.publisher.MonoIgnoreThen$ThenIgnoreMain.onComplete(MonoIgnoreThen.java:213)
	at reactor.core.publisher.MonoIgnoreThen$ThenIgnoreMain.onComplete(MonoIgnoreThen.java:213)
	at reactor.pool.SimpleDequePool.maybeRecycleAndDrain(SimpleDequePool.java:548)
	at reactor.pool.SimpleDequePool$QueuePoolRecyclerInner.onComplete(SimpleDequePool.java:793)
	at reactor.core.publisher.Operators.complete(Operators.java:137)
	at reactor.core.publisher.MonoEmpty.subscribe(MonoEmpty.java:46)
	at reactor.core.publisher.Mono.subscribe(Mono.java:4569)
	at reactor.pool.SimpleDequePool$QueuePoolRecyclerMono.subscribe(SimpleDequePool.java:906)
	at reactor.core.publisher.MonoDefer.subscribe(MonoDefer.java:54)
	at reactor.core.publisher.MonoIgnoreThen$ThenIgnoreMain.subscribeNext(MonoIgnoreThen.java:244)
	at reactor.core.publisher.MonoIgnoreThen$ThenIgnoreMain.onComplete(MonoIgnoreThen.java:207)
	at reactor.core.publisher.FluxPeek$PeekSubscriber.onComplete(FluxPeek.java:263)
	at reactor.core.publisher.Operators.complete(Operators.java:137)
	at reactor.core.publisher.MonoEmpty.subscribe(MonoEmpty.java:46)
	at reactor.core.publisher.Mono.subscribe(Mono.java:4569)
	at reactor.core.publisher.MonoIgnoreThen$ThenIgnoreMain.subscribeNext(MonoIgnoreThen.java:268)
	at reactor.core.publisher.MonoIgnoreThen.subscribe(MonoIgnoreThen.java:51)
	at reactor.core.publisher.MonoDefer.subscribe(MonoDefer.java:54)
	at reactor.core.publisher.MonoIgnoreThen$ThenIgnoreMain.subscribeNext(MonoIgnoreThen.java:244)
	at reactor.core.publisher.MonoIgnoreThen$ThenIgnoreMain.onComplete(MonoIgnoreThen.java:207)
	at reactor.core.publisher.MonoIgnoreElements$IgnoreElementsSubscriber.onComplete(MonoIgnoreElements.java:89)
	at reactor.core.publisher.FluxHandleFuseable$HandleFuseableSubscriber.onComplete(FluxHandleFuseable.java:242)
	at reactor.core.publisher.MonoSupplier$MonoSupplierSubscription.request(MonoSupplier.java:145)
	at reactor.core.publisher.FluxHandleFuseable$HandleFuseableSubscriber.request(FluxHandleFuseable.java:262)
	at reactor.core.publisher.MonoIgnoreElements$IgnoreElementsSubscriber.onSubscribe(MonoIgnoreElements.java:72)
	at reactor.core.publisher.FluxHandleFuseable$HandleFuseableSubscriber.onSubscribe(FluxHandleFuseable.java:166)
	at reactor.core.publisher.MonoSupplier.subscribe(MonoSupplier.java:47)
	at reactor.core.publisher.Mono.subscribe(Mono.java:4569)
	at reactor.core.publisher.MonoIgnoreThen$ThenIgnoreMain.subscribeNext(MonoIgnoreThen.java:268)
	at reactor.core.publisher.MonoIgnoreThen.subscribe(MonoIgnoreThen.java:51)
	at reactor.core.publisher.InternalMonoOperator.subscribe(InternalMonoOperator.java:75)
	at reactor.core.publisher.MonoDefer.subscribe(MonoDefer.java:54)
	at reactor.core.publisher.Mono.subscribe(Mono.java:4569)
	at reactor.core.publisher.FluxOnErrorResume$ResumeSubscriber.onError(FluxOnErrorResume.java:104)
	at reactor.core.publisher.MonoIgnoreElements$IgnoreElementsSubscriber.onError(MonoIgnoreElements.java:84)
	at reactor.core.publisher.FluxMap$MapSubscriber.onError(FluxMap.java:134)
	at reactor.core.publisher.FluxFilter$FilterSubscriber.onError(FluxFilter.java:158)
	at reactor.core.publisher.FluxFilter$FilterConditionalSubscriber.onError(FluxFilter.java:292)
	at reactor.core.publisher.FluxMap$MapConditionalSubscriber.onError(FluxMap.java:265)
	at reactor.core.publisher.Operators.error(Operators.java:198)
	at reactor.core.publisher.MonoError.subscribe(MonoError.java:54)
	at reactor.core.publisher.MonoDeferContextual.subscribe(MonoDeferContextual.java:56)
	at reactor.core.publisher.InternalMonoOperator.subscribe(InternalMonoOperator.java:75)
	at reactor.core.publisher.MonoDefer.subscribe(MonoDefer.java:54)
	at reactor.core.publisher.Mono.subscribe(Mono.java:4569)
	at reactor.core.publisher.FluxUsingWhen$UsingWhenSubscriber.onError(FluxUsingWhen.java:371)
	at reactor.core.publisher.MonoStreamCollector$StreamCollectorSubscriber.onError(MonoStreamCollector.java:148)
	at reactor.core.publisher.FluxMap$MapSubscriber.onError(FluxMap.java:134)
	at reactor.core.publisher.FluxFlatMap$FlatMapMain.checkTerminated(FluxFlatMap.java:847)
	at reactor.core.publisher.FluxFlatMap$FlatMapMain.drainLoop(FluxFlatMap.java:613)
	at reactor.core.publisher.FluxFlatMap$FlatMapMain.drain(FluxFlatMap.java:593)
	at reactor.core.publisher.FluxFlatMap$FlatMapMain.innerError(FluxFlatMap.java:868)
	at reactor.core.publisher.FluxFlatMap$FlatMapInner.onError(FluxFlatMap.java:997)
	at reactor.core.publisher.FluxHandleFuseable$HandleFuseableSubscriber.onError(FluxHandleFuseable.java:232)
	at reactor.core.publisher.MonoCollectList$MonoCollectListSubscriber.onError(MonoCollectList.java:107)
	at reactor.core.publisher.FluxHandleFuseable$HandleFuseableSubscriber.onNext(FluxHandleFuseable.java:204)
	at reactor.core.publisher.FluxWindowPredicate$WindowFlux.drainRegular(FluxWindowPredicate.java:679)
	at reactor.core.publisher.FluxWindowPredicate$WindowFlux.drain(FluxWindowPredicate.java:757)
	at reactor.core.publisher.FluxWindowPredicate$WindowFlux.onNext(FluxWindowPredicate.java:799)
	at reactor.core.publisher.FluxWindowPredicate$WindowPredicateMain.onNext(FluxWindowPredicate.java:246)
	at io.r2dbc.postgresql.util.FluxDiscardOnCancel$FluxDiscardOnCancelSubscriber.onNext(FluxDiscardOnCancel.java:91)
	at reactor.core.publisher.FluxContextWrite$ContextWriteSubscriber.onNext(FluxContextWrite.java:109)
	at reactor.core.publisher.FluxCreate$BufferAsyncSink.drain(FluxCreate.java:887)
	at reactor.core.publisher.FluxCreate$BufferAsyncSink.next(FluxCreate.java:812)
	at reactor.core.publisher.FluxCreate$SerializedFluxSink.next(FluxCreate.java:164)
	at io.r2dbc.postgresql.client.ReactorNettyClient$Conversation.emit(ReactorNettyClient.java:717)
	at io.r2dbc.postgresql.client.ReactorNettyClient$BackendMessageSubscriber.emit(ReactorNettyClient.java:969)
	at io.r2dbc.postgresql.client.ReactorNettyClient$BackendMessageSubscriber.onNext(ReactorNettyClient.java:843)
	at io.r2dbc.postgresql.client.ReactorNettyClient$BackendMessageSubscriber.onNext(ReactorNettyClient.java:749)
	at reactor.core.publisher.FluxHandle$HandleSubscriber.onNext(FluxHandle.java:132)
	at reactor.core.publisher.FluxPeekFuseable$PeekConditionalSubscriber.onNext(FluxPeekFuseable.java:850)
	at reactor.core.publisher.FluxMap$MapConditionalSubscriber.onNext(FluxMap.java:224)
	at reactor.core.publisher.FluxMap$MapConditionalSubscriber.onNext(FluxMap.java:224)
	at reactor.netty.channel.FluxReceive.drainReceiver(FluxReceive.java:296)
	at reactor.netty.channel.FluxReceive.onInboundNext(FluxReceive.java:407)
	at reactor.netty.channel.ChannelOperations.onInboundNext(ChannelOperations.java:445)
	at reactor.netty.channel.ChannelOperationsHandler.channelRead(ChannelOperationsHandler.java:115)
	at io.netty.channel.AbstractChannelHandlerContext.fireChannelRead(AbstractChannelHandlerContext.java:357)
	at io.netty.handler.codec.ByteToMessageDecoder.fireChannelRead(ByteToMessageDecoder.java:361)
	at io.netty.handler.codec.ByteToMessageDecoder.fireChannelRead(ByteToMessageDecoder.java:348)
	at io.netty.handler.codec.ByteToMessageDecoder.callDecode(ByteToMessageDecoder.java:470)
	at io.netty.handler.codec.ByteToMessageDecoder.channelRead(ByteToMessageDecoder.java:296)
	at io.netty.channel.AbstractChannelHandlerContext.fireChannelRead(AbstractChannelHandlerContext.java:357)
	at io.netty.channel.DefaultChannelPipeline$HeadContext.channelRead(DefaultChannelPipeline.java:1429)
	at io.netty.channel.DefaultChannelPipeline.fireChannelRead(DefaultChannelPipeline.java:918)
	at io.netty.channel.epoll.AbstractEpollStreamChannel$EpollStreamUnsafe.epollInReady(AbstractEpollStreamChannel.java:804)
	at io.netty.channel.epoll.AbstractEpollChannel$AbstractEpollUnsafe.handle(AbstractEpollChannel.java:482)
	at io.netty.channel.epoll.EpollIoHandler$DefaultEpollIoRegistration.handle(EpollIoHandler.java:317)
	at io.netty.channel.epoll.EpollIoHandler.processReady(EpollIoHandler.java:515)
	at io.netty.channel.epoll.EpollIoHandler.run(EpollIoHandler.java:460)
	at io.netty.channel.SingleThreadIoEventLoop.runIo(SingleThreadIoEventLoop.java:225)
	at io.netty.channel.SingleThreadIoEventLoop.run(SingleThreadIoEventLoop.java:196)
	at io.netty.util.concurrent.SingleThreadEventExecutor$5.run(SingleThreadEventExecutor.java:1195)
	at io.netty.util.internal.ThreadExecutorMap$2.run(ThreadExecutorMap.java:74)
	at io.netty.util.concurrent.FastThreadLocalRunnable.run(FastThreadLocalRunnable.java:30)
	at java.base/java.lang.Thread.run(Thread.java:1583)
	Suppressed: java.lang.Exception: #block terminated with an error
		at reactor.core.publisher.BlockingSingleSubscriber.blockingGet(BlockingSingleSubscriber.java:104)
		at reactor.core.publisher.Mono.block(Mono.java:1773)
		at com.mauisiios.notehub_server.integration.TestNoteRoutes.seed(TestNoteRoutes.kt:31)
Caused by: io.r2dbc.postgresql.ExceptionFactory$PostgresqlBadGrammarException: [42P01] relation &quot;note&quot; does not exist
	at io.r2dbc.postgresql.ExceptionFactory.createException(ExceptionFactory.java:96)
	at io.r2dbc.postgresql.ExceptionFactory.createException(ExceptionFactory.java:65)
	at io.r2dbc.postgresql.ExceptionFactory.handleErrorResponse(ExceptionFactory.java:132)
	at io.r2dbc.postgresql.PostgresqlResult.lambda$getRowsUpdated$0(PostgresqlResult.java:70)
	at reactor.core.publisher.FluxHandleFuseable$HandleFuseableSubscriber.onNext(FluxHandleFuseable.java:182)
	... 40 more
</failure>
  </testcase>
  <system-out><![CDATA[10:51:46.170 [Test worker] INFO org.springframework.test.context.support.AnnotationConfigContextLoaderUtils -- Could not detect default configuration classes for test class [com.mauisiios.notehub_server.integration.TestNoteRoutes]: TestNoteRoutes does not declare any static, non-private, non-final, nested classes annotated with @Configuration.
10:51:46.233 [Test worker] INFO org.springframework.boot.test.context.SpringBootTestContextBootstrapper -- Found @SpringBootConfiguration com.mauisiios.notehub_server.NoteHubServerApplication for test class com.mauisiios.notehub_server.integration.TestNoteRoutes

  .   ____          _            __ _ _
 /\\ / ___'_ __ _ _(_)_ __  __ _ \ \ \ \
( ( )\___ | '_ | '_| | '_ \/ _` | \ \ \ \
 \\/  ___)| |_)| | | | | || (_| |  ) ) ) )
  '  |____| .__|_| |_|_| |_\__, | / / / /
 =========|_|==============|___/=/_/_/_/

 :: Spring Boot ::                (v4.0.3)

2026-03-04T10:51:46.544-05:00  INFO 129479 --- [    Test worker] c.m.n.integration.TestNoteRoutes         : Starting TestNoteRoutes using Java 21.0.10 with PID 129479 (started by lililatortue in /home/lililatortue/Dev/Java/projects/NoteHub-Server)
2026-03-04T10:51:46.545-05:00  INFO 129479 --- [    Test worker] c.m.n.integration.TestNoteRoutes         : No active profile set, falling back to 1 default profile: "default"
2026-03-04T10:51:46.895-05:00  INFO 129479 --- [    Test worker] .s.d.r.c.RepositoryConfigurationDelegate : Bootstrapping Spring Data R2DBC repositories in DEFAULT mode.
2026-03-04T10:51:46.957-05:00  INFO 129479 --- [    Test worker] .s.d.r.c.RepositoryConfigurationDelegate : Finished Spring Data repository scanning in 58 ms. Found 3 R2DBC repository interfaces.
2026-03-04T10:51:47.188-05:00  INFO 129479 --- [    Test worker] org.testcontainers.images.PullPolicy     : Image pull policy will be performed by: DefaultPullPolicy()
2026-03-04T10:51:47.188-05:00  INFO 129479 --- [    Test worker] o.t.utility.ImageNameSubstitutor         : Image name substitution will be performed by: DefaultImageNameSubstitutor (composite of 'ConfigurationFileImageNameSubstitutor' and 'PrefixingImageNameSubstitutor')
2026-03-04T10:51:47.196-05:00  INFO 129479 --- [    Test worker] org.testcontainers.DockerClientFactory   : Testcontainers version: 2.0.3
2026-03-04T10:51:47.257-05:00  INFO 129479 --- [    Test worker] o.t.d.DockerClientProviderStrategy       : Loaded org.testcontainers.dockerclient.UnixSocketClientProviderStrategy from ~/.testcontainers.properties, will try it first
2026-03-04T10:51:47.459-05:00  INFO 129479 --- [    Test worker] o.t.d.DockerClientProviderStrategy       : Found Docker environment with local Unix socket (unix:///var/run/docker.sock)
2026-03-04T10:51:47.459-05:00  INFO 129479 --- [    Test worker] org.testcontainers.DockerClientFactory   : Docker host IP address is localhost
2026-03-04T10:51:47.469-05:00  INFO 129479 --- [    Test worker] org.testcontainers.DockerClientFactory   : Connected to docker: 
  Server Version: 29.2.1
  API Version: 1.53
  Operating System: Fedora Linux 43 (Workstation Edition)
  Total Memory: 15676 MB
2026-03-04T10:51:47.537-05:00  INFO 129479 --- [    Test worker] tc.testcontainers/ryuk:0.13.0            : Creating container for image: testcontainers/ryuk:0.13.0
2026-03-04T10:51:47.539-05:00  INFO 129479 --- [    Test worker] o.t.utility.RegistryAuthLocator          : Failure when attempting to lookup auth config. Please ignore if you don't have images in an authenticated registry. Details: (dockerImageName: testcontainers/ryuk:0.13.0, configFile: /home/lililatortue/.docker/config.json, configEnv: DOCKER_AUTH_CONFIG). Falling back to docker-java default behaviour. Exception message: Status 404: No config supplied. Checked in order: /home/lililatortue/.docker/config.json (file not found), DOCKER_AUTH_CONFIG (not set)
2026-03-04T10:51:47.703-05:00  INFO 129479 --- [    Test worker] tc.testcontainers/ryuk:0.13.0            : Container testcontainers/ryuk:0.13.0 is starting: f9c5793a71fba1901e4056b4cf81889429a44ef014e67b92b332840194ddf144
2026-03-04T10:51:47.933-05:00  INFO 129479 --- [    Test worker] tc.testcontainers/ryuk:0.13.0            : Container testcontainers/ryuk:0.13.0 started in PT0.396102237S
2026-03-04T10:51:47.937-05:00  INFO 129479 --- [    Test worker] o.t.utility.RyukResourceReaper           : Ryuk started - will monitor and terminate Testcontainers containers on JVM exit
2026-03-04T10:51:47.937-05:00  INFO 129479 --- [    Test worker] org.testcontainers.DockerClientFactory   : Checking the system...
2026-03-04T10:51:47.937-05:00  INFO 129479 --- [    Test worker] org.testcontainers.DockerClientFactory   : ✔︎ Docker server version should be at least 1.6.0
2026-03-04T10:51:47.937-05:00  INFO 129479 --- [    Test worker] tc.postgres:latest                       : Creating container for image: postgres:latest
2026-03-04T10:51:48.095-05:00  INFO 129479 --- [    Test worker] tc.postgres:latest                       : Container postgres:latest is starting: 03798c795518edd65875ee3ea4e2ded3957d66bc29e471e4e64cd07054b827ba
2026-03-04T10:51:50.273-05:00  INFO 129479 --- [    Test worker] tc.postgres:latest                       : Container postgres:latest started in PT2.335649896S
2026-03-04T10:51:50.274-05:00  INFO 129479 --- [    Test worker] tc.postgres:latest                       : Container is started (JDBC URL: jdbc:postgresql://localhost:32825/notehubDB?loggerLevel=OFF)
2026-03-04T10:51:50.881-05:00  INFO 129479 --- [    Test worker] o.s.b.a.e.web.EndpointLinksResolver      : Exposing 1 endpoint beneath base path '/actuator'
2026-03-04T10:51:51.099-05:00  INFO 129479 --- [    Test worker] o.s.boot.reactor.netty.NettyWebServer    : Netty started on port 45629 (http)
2026-03-04T10:51:51.103-05:00  INFO 129479 --- [    Test worker] c.m.n.integration.TestNoteRoutes         : Started TestNoteRoutes in 4.698 seconds (process running for 5.413)
]]></system-out>
  <system-err><![CDATA[WARNING: A Java agent has been loaded dynamically (/home/lililatortue/.gradle/caches/modules-2/files-2.1/net.bytebuddy/byte-buddy-agent/1.17.8/f09415827a71be7ed621c7bd02550678f28bc81c/byte-buddy-agent-1.17.8.jar)
WARNING: If a serviceability tool is in use, please run with -XX:+EnableDynamicAgentLoading to hide this warning
WARNING: If a serviceability tool is not in use, please run with -Djdk.instrument.traceUsage for more information
WARNING: Dynamic loading of agents will be disallowed by default in a future release
]]></system-err>
</testsuite>
